This program has requested access to the data dependency MNIST.
which is not currently installed. It can be installed automatically, and you will not see this message again.

Dataset: THE MNIST DATABASE of handwritten digits
Authors: Yann LeCun, Corinna Cortes, Christopher J.C. Burges
Website: http://yann.lecun.com/exdb/mnist/

[LeCun et al., 1998a]
    Y. LeCun, L. Bottou, Y. Bengio, and P. Haffner.
    "Gradient-based learning applied to document recognition."
    Proceedings of the IEEE, 86(11):2278-2324, November 1998

The files are available for download at the offical
website linked above. Note that using the data
responsibly and respecting copyright remains your
responsibility. The authors of MNIST aren't really
explicit about any terms of use, so please read the
website to make sure you want to download the
dataset.



Do you want to download the dataset from ["https://ossci-datasets.s3.amazonaws.com/mnist/train-images-idx3-ubyte.gz", "https://ossci-datasets.s3.amazonaws.com/mnist/train-labels-idx1-ubyte.gz", "https://ossci-datasets.s3.amazonaws.com/mnist/t10k-images-idx3-ubyte.gz", "https://ossci-datasets.s3.amazonaws.com/mnist/t10k-labels-idx1-ubyte.gz"] to "/home/runner/.julia/datadeps/MNIST"?
[y/n]
Do you want to download the dataset from ["https://ossci-datasets.s3.amazonaws.com/mnist/train-images-idx3-ubyte.gz", "https://ossci-datasets.s3.amazonaws.com/mnist/train-labels-idx1-ubyte.gz", "https://ossci-datasets.s3.amazonaws.com/mnist/t10k-images-idx3-ubyte.gz", "https://ossci-datasets.s3.amazonaws.com/mnist/t10k-labels-idx1-ubyte.gz"] to "/home/runner/.julia/datadeps/MNIST"?
[y/n]
IOError: Could not open stream.
